Agricultural Engineering : 206
Business Administration : 69
Biochemistry : 191
Sign Language : 160
Human Resources : 162
Microbiology : 54
Religion : 3
Education & Human Ecology : 215
Family Social Science : 156
Public Administration : 208
Ancient Scripture : 91
Home & Family Studies : 143
Business : 1
Fine Arts : 13
Philosophy : 31
Library Science : 153
Organizational Leadership : 161
French : 45
Anthropology : 6
Marriage Family & Human Dev : 40
Exercise & Sport Science : 53
Computer Science : 33
Gender, Women, and Sex Studies : 166
Nutrition & Food Science : 34
History : 14
Writing Studies : 171
Aerospace Studies : 109
Curriculum & Instruction : 172
Family & Consumer Science : 28
Aerospace Eng. & Mechanics : 178
Health & Physical Education : 57
Kinesiology : 127
Family Studies : 65
Classics : 52
General Studies : 152
Automotive Technology : 146
Italian : 78
Oncology : 133
Art : 21
Nursing : 101
Sports Management : 176
Food Science : 189
Early Childhood Education : 76
Business Management : 141
Social Work : 66
Ethnic Studies : 113
Electrical Engineering : 81
Education : 98
Agriculture : 23
Horticulture : 135
Materials Science : 157
Statistics : 20
Art & Art History : 114
Industrial Design : 93
Sports : 210
Secondary Education : 84
Animal Science : 142
Public Health : 213
Women's Studies : 111
Human Ecology : 202
Biology : 12
Latin : 150
Not Specified : 103
Interior Design : 17
School of Family Life : 61
Aviation : 212
Astronomy : 131
Elementary Education : 94
Human Resource Management : 201
Rhetoric : 181
Economics : 2
Theater : 11
Student Services : 44
Scandinavian : 92
Greek : 211
Architecture : 145
English : 35
Hospitality : 197
Electrical & Comp. Engineering : 177
Chemistry : 10
Biomedical Engineering : 134
Asian Languages & Literatures : 174
Physics & Astronomy : 155
Religious Studies : 137
Aerospace Engineering : 199
Chinese : 72
Dance : 43
Communication : 32
Industrial Engineering : 195
Chicano Studies : 169
Criminal Justice : 105
Civil Engineering : 80
Design : 124
Church History : 4
Zoology : 118
Arabic : 99
Technology : 97
Honors : 73
Child & Family Studies : 140
Linguistics : 64
Genetics : 117
Psychology : 9
Humanities : 18
Biological Sciences : 159
Administration : 183
Writing : 29
Languages : 41
Near Eastern Studies : 204
Management : 86
Music : 8
German & Scandinavian : 180
Political Science : 15
Medicine : 82
Career & College Prep : 147
Korean : 89
Rehabilitation Psychology : 129
Mathematics Education : 51
Nutrition : 126
East Asian Studies : 115
Literature : 48
Finance : 36
Mechanical Engineering : 74
Geology : 38
Environ. & Natural Resources : 194
East Asian Lang. & Literature : 128
Speech & Hearing Sciences : 200
Russian : 58
Neuroscience : 209
Physiology : 22
Transportation & Logistics : 214
French & Italian : 96
Food Science & Nutrition : 175
Portuguese : 100
Science : 16
African-American Studies : 170
Cultural Studies : 154
Theology : 116
Child Development : 173
Life Science : 104
Online Learning : 148
Comparative Studies : 190
Chemical Engineering : 68
Asian & Near Eastern Languages : 67
Public Policy : 205
Pharmacy : 122
English Language & Literature : 49
Information Technology : 90
Physical Education : 56
Art History : 59
Information Systems : 50
Natural Resources : 198
Educational Psychology : 167
Theatre & Media Arts : 79
German : 62
University Studies : 107
Latin American Studies : 108
Molecular Biosciences : 75
Physical Ed : 87
Engineering : 39
Persian : 203
Physical Sciences : 42
Computer Information Technology : 139
Sociology : 27
Social Science : 5
Center for Spiritual Health : 182
Agricultural Economics : 123
Slavic Languages : 207
Academic Services : 144
Engineering Graphics Tech. : 192
Information Decision Sciences : 168
Mathematics : 19
Military Science : 132
Spanish & Portuguese : 119
Organizational Ldrshp  Strat : 102
Theatre Arts & Dance : 185
Asian Studies : 120
Marketing : 110
Communication Studies : 165
Mathematical and Computer Sci. : 136
Anatomy : 186
Environmental Studies : 121
Textiles & Clothing : 188
Graphic Arts : 163
Genetics / Cell Biology & Dev. : 158
Law : 83
Nutrition  Food Science : 106
Career Development : 149
Human Development : 70
Recreation : 85
African Studies : 130
Hospitality Management : 193
Health Science : 46
Hebrew : 88
Journalism : 112
Classical Studies : 47
Foreign Languages : 60
Natural History : 179
Exercise Science : 71
Foreign Languages & Literature : 138
Physics : 26
Consumer Science : 125
Allied Health : 196
Visual Arts : 63
Health & Human Performance : 151
Communication Disorders : 55
Public Affairs : 184
Japanese : 37
Art Education : 187
Speech/Language/Hearing Sci. : 164
Spanish : 25
Educational Leadership : 95
Accounting : 7
International Studies : 77
Film : 30
Geography : 24
